<?xml version="1.0" encoding="UTF-8" ?>
<testsuite tests="4" failures="0" name="math.operation.ArithmeticOperationsTest" time="0.015" errors="0" skipped="0">
  <properties>
[...]
</properties>
  <testcase classname="math.operation.ArithmeticOperationsTest" name="testAdd" time="0.015"/>
  <testcase classname="math.operation.ArithmeticOperationsTest" name="testSubtract" time="0"/>
  <testcase classname="math.operation.ArithmeticOperationsTest" name="testDivide" time="0"/>
  <testcase classname="math.operation.ArithmeticOperationsTest" name="testMultiply" time="0"/>
</testsuite>